<?xml version="1.0" encoding="UTF-8"?>
<!-- Generated by org.testng.reporters.JUnitXMLReporter -->
<testsuite ignored="0" hostname="DESKTOP-90P10FL" failures="0" tests="2" name="High priority Test" time="29.902" errors="0" timestamp="2022-08-03T21:28:31 IST">
  <testcase classname="com.Saucedemo.TestClasses.TC001_VerifyLoginPageFunctionality" name="verifyLoginFunctionality" time="0.023"/>
  <testcase classname="com.Saucedemo.TestClasses.TC005_VerifyUserAbleToApplyFilter" name="Applyfilter" time="0.589"/>
</testsuite> <!-- High priority Test -->
