<?xml version="1.0" encoding="UTF-8"?>
<testng-results ignored="0" total="1" passed="1" failed="0" skipped="0">
  <reporter-output>
  </reporter-output>
  <suite started-at="2022-08-07T14:39:23 IST" name="Default suite" finished-at="2022-08-07T14:39:35 IST" duration-ms="12727">
    <groups>
    </groups>
    <test started-at="2022-08-07T14:39:23 IST" name="Default test" finished-at="2022-08-07T14:39:35 IST" duration-ms="12727">
      <class name="com.Saucedemo.TestClasses.TC001_VerifyLoginPageFunctionality">
        <test-method is-config="true" signature="setUp()[pri:0, instance:com.Saucedemo.TestClasses.TC001_VerifyLoginPageFunctionality@3c7f66c4]" started-at="2022-08-07T14:39:23 IST" name="setUp" finished-at="2022-08-07T14:39:35 IST" duration-ms="11967" status="PASS">
          <reporter-output>
          </reporter-output>
        </test-method> <!-- setUp -->
        <test-method signature="verifyLoginFunctionality()[pri:0, instance:com.Saucedemo.TestClasses.TC001_VerifyLoginPageFunctionality@3c7f66c4]" started-at="2022-08-07T14:39:35 IST" name="verifyLoginFunctionality" finished-at="2022-08-07T14:39:35 IST" duration-ms="27" status="PASS">
          <reporter-output>
          </reporter-output>
        </test-method> <!-- verifyLoginFunctionality -->
        <test-method is-config="true" signature="Aftermethod()[pri:0, instance:com.Saucedemo.TestClasses.TC001_VerifyLoginPageFunctionality@3c7f66c4]" started-at="2022-08-07T14:39:35 IST" name="Aftermethod" finished-at="2022-08-07T14:39:35 IST" duration-ms="677" status="PASS">
          <reporter-output>
          </reporter-output>
        </test-method> <!-- Aftermethod -->
      </class> <!-- com.Saucedemo.TestClasses.TC001_VerifyLoginPageFunctionality -->
    </test> <!-- Default test -->
  </suite> <!-- Default suite -->
</testng-results>
